Performing C++ SOURCE FILE Test CMAKE_HAVE_LIBC_PTHREAD failed with the following output:
Change Dir: /home/jwoon/Desktop/commonapi_vsomeip/IC_someip/build-IC_someip-Desktop-Debug/CMakeFiles/CMakeTmp

Run Build Command(s):/usr/bin/make cmTC_c6c5e/fast && /usr/bin/make -f CMakeFiles/cmTC_c6c5e.dir/build.make CMakeFiles/cmTC_c6c5e.dir/build
make[1]: Entering directory '/home/jwoon/Desktop/commonapi_vsomeip/IC_someip/build-IC_someip-Desktop-Debug/CMakeFiles/CMakeTmp'
Building CXX object CMakeFiles/cmTC_c6c5e.dir/src.cxx.o
/usr/bin/g++    -DCMAKE_HAVE_LIBC_PTHREAD   -o CMakeFiles/cmTC_c6c5e.dir/src.cxx.o -c /home/jwoon/Desktop/commonapi_vsomeip/IC_someip/build-IC_someip-Desktop-Debug/CMakeFiles/CMakeTmp/src.cxx
Linking CXX executable cmTC_c6c5e
/usr/bin/cmake -E cmake_link_script CMakeFiles/cmTC_c6c5e.dir/link.txt --verbose=1
/usr/bin/g++   -DCMAKE_HAVE_LIBC_PTHREAD    CMakeFiles/cmTC_c6c5e.dir/src.cxx.o  -o cmTC_c6c5e 
/usr/bin/ld: CMakeFiles/cmTC_c6c5e.dir/src.cxx.o: in function `main':
src.cxx:(.text+0x46): undefined reference to `pthread_create'
/usr/bin/ld: src.cxx:(.text+0x52): undefined reference to `pthread_detach'
/usr/bin/ld: src.cxx:(.text+0x63): undefined reference to `pthread_join'
collect2: error: ld returned 1 exit status
make[1]: *** [CMakeFiles/cmTC_c6c5e.dir/build.make:87: cmTC_c6c5e] Error 1
make[1]: Leaving directory '/home/jwoon/Desktop/commonapi_vsomeip/IC_someip/build-IC_someip-Desktop-Debug/CMakeFiles/CMakeTmp'
make: *** [Makefile:121: cmTC_c6c5e/fast] Error 2


Source file was:
#include <pthread.h>

void* test_func(void* data)
{
  return data;
}

int main(void)
{
  pthread_t thread;
  pthread_create(&thread, NULL, test_func, NULL);
  pthread_detach(thread);
  pthread_join(thread, NULL);
  pthread_atfork(NULL, NULL, NULL);
  pthread_exit(NULL);

  return 0;
}

Performing C++ SOURCE FILE Test CMAKE_HAVE_LIBC_PTHREAD failed with the following output:
Change Dir: /home/jwoon/Desktop/commonapi_vsomeip/IC_someip/build-IC_someip-Desktop-Debug/CMakeFiles/CMakeTmp

Run Build Command(s):/usr/bin/make cmTC_1b726/fast && /usr/bin/make -f CMakeFiles/cmTC_1b726.dir/build.make CMakeFiles/cmTC_1b726.dir/build
make[1]: Entering directory '/home/jwoon/Desktop/commonapi_vsomeip/IC_someip/build-IC_someip-Desktop-Debug/CMakeFiles/CMakeTmp'
Building CXX object CMakeFiles/cmTC_1b726.dir/src.cxx.o
/usr/bin/g++    -DCMAKE_HAVE_LIBC_PTHREAD   -o CMakeFiles/cmTC_1b726.dir/src.cxx.o -c /home/jwoon/Desktop/commonapi_vsomeip/IC_someip/build-IC_someip-Desktop-Debug/CMakeFiles/CMakeTmp/src.cxx
Linking CXX executable cmTC_1b726
/usr/bin/cmake -E cmake_link_script CMakeFiles/cmTC_1b726.dir/link.txt --verbose=1
/usr/bin/g++   -DCMAKE_HAVE_LIBC_PTHREAD    CMakeFiles/cmTC_1b726.dir/src.cxx.o  -o cmTC_1b726 
/usr/bin/ld: CMakeFiles/cmTC_1b726.dir/src.cxx.o: in function `main':
src.cxx:(.text+0x46): undefined reference to `pthread_create'
/usr/bin/ld: src.cxx:(.text+0x52): undefined reference to `pthread_detach'
/usr/bin/ld: src.cxx:(.text+0x63): undefined reference to `pthread_join'
collect2: error: ld returned 1 exit status
make[1]: *** [CMakeFiles/cmTC_1b726.dir/build.make:87: cmTC_1b726] Error 1
make[1]: Leaving directory '/home/jwoon/Desktop/commonapi_vsomeip/IC_someip/build-IC_someip-Desktop-Debug/CMakeFiles/CMakeTmp'
make: *** [Makefile:121: cmTC_1b726/fast] Error 2


Source file was:
#include <pthread.h>

void* test_func(void* data)
{
  return data;
}

int main(void)
{
  pthread_t thread;
  pthread_create(&thread, NULL, test_func, NULL);
  pthread_detach(thread);
  pthread_join(thread, NULL);
  pthread_atfork(NULL, NULL, NULL);
  pthread_exit(NULL);

  return 0;
}

Determining if the function pthread_create exists in the pthreads failed with the following output:
Change Dir: /home/jwoon/Desktop/commonapi_vsomeip/IC_someip/build-IC_someip-Desktop-Debug/CMakeFiles/CMakeTmp

Run Build Command(s):/usr/bin/make cmTC_e67bd/fast && /usr/bin/make -f CMakeFiles/cmTC_e67bd.dir/build.make CMakeFiles/cmTC_e67bd.dir/build
make[1]: Entering directory '/home/jwoon/Desktop/commonapi_vsomeip/IC_someip/build-IC_someip-Desktop-Debug/CMakeFiles/CMakeTmp'
Building CXX object CMakeFiles/cmTC_e67bd.dir/CheckFunctionExists.cxx.o
/usr/bin/g++    -DCHECK_FUNCTION_EXISTS=pthread_create   -o CMakeFiles/cmTC_e67bd.dir/CheckFunctionExists.cxx.o -c /home/jwoon/Desktop/commonapi_vsomeip/IC_someip/build-IC_someip-Desktop-Debug/CMakeFiles/CheckLibraryExists/CheckFunctionExists.cxx
Linking CXX executable cmTC_e67bd
/usr/bin/cmake -E cmake_link_script CMakeFiles/cmTC_e67bd.dir/link.txt --verbose=1
/usr/bin/g++   -DCHECK_FUNCTION_EXISTS=pthread_create    CMakeFiles/cmTC_e67bd.dir/CheckFunctionExists.cxx.o  -o cmTC_e67bd  -lpthreads 
/usr/bin/ld: cannot find -lpthreads
collect2: error: ld returned 1 exit status
make[1]: *** [CMakeFiles/cmTC_e67bd.dir/build.make:87: cmTC_e67bd] Error 1
make[1]: Leaving directory '/home/jwoon/Desktop/commonapi_vsomeip/IC_someip/build-IC_someip-Desktop-Debug/CMakeFiles/CMakeTmp'
make: *** [Makefile:121: cmTC_e67bd/fast] Error 2



